--> 1/5 грузимо файли (nrows=1000000)...
--> 2/5 чистимо NaN...
--> 3/5 конект з MySQL...
--> 4/5 Загрузка табель 
--> 5/5 загрузка Impressions 
    Załadowano 0 rekordów do stagingu...
    Załadowano 25000 rekordów do stagingu...
    Załadowano 50000 rekordów do stagingu...
    Załadowano 75000 rekordów do stagingu...
    Załadowano 100000 rekordów do stagingu...
    Załadowano 125000 rekordów do stagingu...
    Załadowano 150000 rekordów do stagingu...
    Załadowano 175000 rekordów do stagingu...
    Załadowano 200000 rekordów do stagingu...
    Załadowano 225000 rekordów do stagingu...
    Załadowano 250000 rekordów do stagingu...
    Załadowano 275000 rekordów do stagingu...
    Załadowano 300000 rekordów do stagingu...
    Załadowano 325000 rekordów do stagingu...
    Załadowano 350000 rekordów do stagingu...
    Załadowano 375000 rekordów do stagingu...
    Załadowano 400000 rekordów do stagingu...
    Załadowano 425000 rekordów do stagingu...
    Załadowano 450000 rekordów do stagingu...
    Załadowano 475000 rekordów do stagingu...
    Załadowano 500000 rekordów do stagingu...
    Załadowano 525000 rekordów do stagingu...
    Załadowano 550000 rekordów do stagingu...
    Załadowano 575000 rekordów do stagingu...
    Załadowano 600000 rekordów do stagingu...
    Załadowano 625000 rekordów do stagingu...
    Załadowano 650000 rekordów do stagingu...
    Załadowano 675000 rekordów do stagingu...
    Załadowano 700000 rekordów do stagingu...
    Załadowano 725000 rekordów do stagingu...
    Załadowano 750000 rekordów do stagingu...
    Załadowano 775000 rekordów do stagingu...
    Załadowano 800000 rekordów do stagingu...
    Załadowano 825000 rekordów do stagingu...
    Załadowano 850000 rekordów do stagingu...
    Załadowano 875000 rekordów do stagingu...
    Załadowano 900000 rekordów do stagingu...
    Załadowano 925000 rekordów do stagingu...
    Załadowano 950000 rekordów do stagingu...
    Załadowano 975000 rekordów do stagingu...
--> переносимо до табель
BLAD: 1205 (HY000): Lock wait timeout exceeded; try restarting transaction
